[2026-04-17 01:33:54] Email send failed for emailfromjoshua@gmail.com | Array
(
    [success] => 
    [results] => Array
        (
            [0] => Array
                (
                    [email] => all
                    [success] => 
                    [error] => Invalid JSON response
                    [raw_output] => 403 - Forbidden | Access to this page is forbidden.

                )

        )

)

[2026-04-17 01:33:57] Email send failed for emailfromjoshua@gmail.com | Array
(
    [success] => 
    [results] => Array
        (
            [0] => Array
                (
                    [email] => all
                    [success] => 
                    [error] => Invalid JSON response
                    [raw_output] => 403 - Forbidden | Access to this page is forbidden.

                )

        )

)

[2026-04-17 01:34:01] Email send failed for emailfromjoshua@gmail.com | Array
(
    [success] => 
    [results] => Array
        (
            [0] => Array
                (
                    [email] => all
                    [success] => 
                    [error] => Invalid JSON response
                    [raw_output] => 403 - Forbidden | Access to this page is forbidden.

                )

        )

)

[2026-04-17 01:45:45] Failed sending reset email to emailfromjoshua@gmail.com | Array
(
    [success] => 
    [results] => Array
        (
            [0] => Array
                (
                    [email] => emailfromjoshua@gmail.com
                    [success] => 
                    [error] => Invalid address:  (From): 
                )

        )

)

[2026-04-17 01:47:05] Failed sending reset email to jsulli24@mail.umw.edu | Array
(
    [success] => 
    [results] => Array
        (
            [0] => Array
                (
                    [email] => jsulli24@mail.umw.edu
                    [success] => 
                    [error] => Invalid address:  (From): 
                )

        )

)

